Determining if the Q_WS_WIN exist failed with the following output:
Change Dir: /home/edulix/proyectos/kde4/kdesvn/gsoc/ontologies/build/CMakeFiles/CMakeTmp

Run Build Command:/usr/bin/make "cmTryCompileExec/fast"
/usr/bin/make -f CMakeFiles/cmTryCompileExec.dir/build.make CMakeFiles/cmTryCompileExec.dir/build
make[1]: se ingresa al directorio `/home2/edulix/proyectos/kde4/kdesvn/gsoc/ontologies/build/CMakeFiles/CMakeTmp'
/usr/bin/cmake -E cmake_progress_report /home/edulix/proyectos/kde4/kdesvn/gsoc/ontologies/build/CMakeFiles/CMakeTmp/CMakeFiles 1
Building C object CMakeFiles/cmTryCompileExec.dir/CheckSymbolExists.c.o
/usr/bin/gcc   -I/home/edulix/proyectos/kde4/qt4/include   -o CMakeFiles/cmTryCompileExec.dir/CheckSymbolExists.c.o   -c /home/edulix/proyectos/kde4/kdesvn/gsoc/ontologies/build/CMakeFiles/CMakeTmp/CheckSymbolExists.c
/home/edulix/proyectos/kde4/kdesvn/gsoc/ontologies/build/CMakeFiles/CMakeTmp/CheckSymbolExists.c: En la función ‘main’:
/home/edulix/proyectos/kde4/kdesvn/gsoc/ontologies/build/CMakeFiles/CMakeTmp/CheckSymbolExists.c:8: error: ‘Q_WS_WIN’ no se declaró aquí (primer uso en esta función)
/home/edulix/proyectos/kde4/kdesvn/gsoc/ontologies/build/CMakeFiles/CMakeTmp/CheckSymbolExists.c:8: error: (Cada identificador no declarado solamente se reporta una vez
/home/edulix/proyectos/kde4/kdesvn/gsoc/ontologies/build/CMakeFiles/CMakeTmp/CheckSymbolExists.c:8: error: para cada funcion en la que aparece.)
make[1]: se sale del directorio `/home2/edulix/proyectos/kde4/kdesvn/gsoc/ontologies/build/CMakeFiles/CMakeTmp'
make[1]: *** [CMakeFiles/cmTryCompileExec.dir/CheckSymbolExists.c.o] Error 1
make: *** [cmTryCompileExec/fast] Error 2

File /home/edulix/proyectos/kde4/kdesvn/gsoc/ontologies/build/CMakeFiles/CMakeTmp/CheckSymbolExists.c:
/* */
#include <QtCore/qglobal.h>

void cmakeRequireSymbol(int dummy,...){(void)dummy;}
int main()
{
#ifndef Q_WS_WIN
  cmakeRequireSymbol(0,&Q_WS_WIN);
#endif
  return 0;
}

Determining if the Q_WS_QWS exist failed with the following output:
Change Dir: /home/edulix/proyectos/kde4/kdesvn/gsoc/ontologies/build/CMakeFiles/CMakeTmp

Run Build Command:/usr/bin/make "cmTryCompileExec/fast"
/usr/bin/make -f CMakeFiles/cmTryCompileExec.dir/build.make CMakeFiles/cmTryCompileExec.dir/build
make[1]: se ingresa al directorio `/home2/edulix/proyectos/kde4/kdesvn/gsoc/ontologies/build/CMakeFiles/CMakeTmp'
/usr/bin/cmake -E cmake_progress_report /home/edulix/proyectos/kde4/kdesvn/gsoc/ontologies/build/CMakeFiles/CMakeTmp/CMakeFiles 1
Building C object CMakeFiles/cmTryCompileExec.dir/CheckSymbolExists.c.o
/usr/bin/gcc   -I/home/edulix/proyectos/kde4/qt4/include   -o CMakeFiles/cmTryCompileExec.dir/CheckSymbolExists.c.o   -c /home/edulix/proyectos/kde4/kdesvn/gsoc/ontologies/build/CMakeFiles/CMakeTmp/CheckSymbolExists.c
/home/edulix/proyectos/kde4/kdesvn/gsoc/ontologies/build/CMakeFiles/CMakeTmp/CheckSymbolExists.c: En la función ‘main’:
/home/edulix/proyectos/kde4/kdesvn/gsoc/ontologies/build/CMakeFiles/CMakeTmp/CheckSymbolExists.c:8: error: ‘Q_WS_QWS’ no se declaró aquí (primer uso en esta función)
/home/edulix/proyectos/kde4/kdesvn/gsoc/ontologies/build/CMakeFiles/CMakeTmp/CheckSymbolExists.c:8: error: (Cada identificador no declarado solamente se reporta una vez
/home/edulix/proyectos/kde4/kdesvn/gsoc/ontologies/build/CMakeFiles/CMakeTmp/CheckSymbolExists.c:8: error: para cada funcion en la que aparece.)
make[1]: *** [CMakeFiles/cmTryCompileExec.dir/CheckSymbolExists.c.o] Error 1
make[1]: se sale del directorio `/home2/edulix/proyectos/kde4/kdesvn/gsoc/ontologies/build/CMakeFiles/CMakeTmp'
make: *** [cmTryCompileExec/fast] Error 2

File /home/edulix/proyectos/kde4/kdesvn/gsoc/ontologies/build/CMakeFiles/CMakeTmp/CheckSymbolExists.c:
/* */
#include <QtCore/qglobal.h>

void cmakeRequireSymbol(int dummy,...){(void)dummy;}
int main()
{
#ifndef Q_WS_QWS
  cmakeRequireSymbol(0,&Q_WS_QWS);
#endif
  return 0;
}

Determining if the Q_WS_MAC exist failed with the following output:
Change Dir: /home/edulix/proyectos/kde4/kdesvn/gsoc/ontologies/build/CMakeFiles/CMakeTmp

Run Build Command:/usr/bin/make "cmTryCompileExec/fast"
/usr/bin/make -f CMakeFiles/cmTryCompileExec.dir/build.make CMakeFiles/cmTryCompileExec.dir/build
make[1]: se ingresa al directorio `/home2/edulix/proyectos/kde4/kdesvn/gsoc/ontologies/build/CMakeFiles/CMakeTmp'
/usr/bin/cmake -E cmake_progress_report /home/edulix/proyectos/kde4/kdesvn/gsoc/ontologies/build/CMakeFiles/CMakeTmp/CMakeFiles 1
Building C object CMakeFiles/cmTryCompileExec.dir/CheckSymbolExists.c.o
/usr/bin/gcc   -I/home/edulix/proyectos/kde4/qt4/include   -o CMakeFiles/cmTryCompileExec.dir/CheckSymbolExists.c.o   -c /home/edulix/proyectos/kde4/kdesvn/gsoc/ontologies/build/CMakeFiles/CMakeTmp/CheckSymbolExists.c
/home/edulix/proyectos/kde4/kdesvn/gsoc/ontologies/build/CMakeFiles/CMakeTmp/CheckSymbolExists.c: En la función ‘main’:
/home/edulix/proyectos/kde4/kdesvn/gsoc/ontologies/build/CMakeFiles/CMakeTmp/CheckSymbolExists.c:8: error: ‘Q_WS_MAC’ no se declaró aquí (primer uso en esta función)
/home/edulix/proyectos/kde4/kdesvn/gsoc/ontologies/build/CMakeFiles/CMakeTmp/CheckSymbolExists.c:8: error: (Cada identificador no declarado solamente se reporta una vez
/home/edulix/proyectos/kde4/kdesvn/gsoc/ontologies/build/CMakeFiles/CMakeTmp/CheckSymbolExists.c:8: error: para cada funcion en la que aparece.)
make[1]: se sale del directorio `/home2/edulix/proyectos/kde4/kdesvn/gsoc/ontologies/build/CMakeFiles/CMakeTmp'
make[1]: *** [CMakeFiles/cmTryCompileExec.dir/CheckSymbolExists.c.o] Error 1
make: *** [cmTryCompileExec/fast] Error 2

File /home/edulix/proyectos/kde4/kdesvn/gsoc/ontologies/build/CMakeFiles/CMakeTmp/CheckSymbolExists.c:
/* */
#include <QtCore/qglobal.h>

void cmakeRequireSymbol(int dummy,...){(void)dummy;}
int main()
{
#ifndef Q_WS_MAC
  cmakeRequireSymbol(0,&Q_WS_MAC);
#endif
  return 0;
}

Determining if the function pthread_create exists in the pthreads failed with the following output:
Change Dir: /home/edulix/proyectos/kde4/kdesvn/gsoc/ontologies/build/CMakeFiles/CMakeTmp

Run Build Command:/usr/bin/make "cmTryCompileExec/fast"
/usr/bin/make -f CMakeFiles/cmTryCompileExec.dir/build.make CMakeFiles/cmTryCompileExec.dir/build
make[1]: se ingresa al directorio `/home2/edulix/proyectos/kde4/kdesvn/gsoc/ontologies/build/CMakeFiles/CMakeTmp'
/usr/bin/cmake -E cmake_progress_report /home/edulix/proyectos/kde4/kdesvn/gsoc/ontologies/build/CMakeFiles/CMakeTmp/CMakeFiles 1
Building C object CMakeFiles/cmTryCompileExec.dir/CheckFunctionExists.c.o
/usr/bin/gcc   -DCHECK_FUNCTION_EXISTS=pthread_create   -o CMakeFiles/cmTryCompileExec.dir/CheckFunctionExists.c.o   -c /usr/share/cmake-2.6/Modules/CheckFunctionExists.c
Linking C executable cmTryCompileExec
/usr/bin/cmake -E cmake_link_script CMakeFiles/cmTryCompileExec.dir/link.txt --verbose=1
/usr/bin/gcc     -DCHECK_FUNCTION_EXISTS=pthread_create   CMakeFiles/cmTryCompileExec.dir/CheckFunctionExists.c.o  -o cmTryCompileExec -rdynamic -lpthreads 
/usr/bin/ld: cannot find -lpthreads
collect2: ld devolvió el estado de salida 1
make[1]: *** [cmTryCompileExec] Error 1
make[1]: se sale del directorio `/home2/edulix/proyectos/kde4/kdesvn/gsoc/ontologies/build/CMakeFiles/CMakeTmp'
make: *** [cmTryCompileExec/fast] Error 2


Performing C++ SOURCE FILE Test _OFFT_IS_64BIT failed with the following output:
Change Dir: /home/edulix/proyectos/kde4/kdesvn/gsoc/ontologies/build/CMakeFiles/CMakeTmp

Run Build Command:/usr/bin/make "cmTryCompileExec/fast"
/usr/bin/make -f CMakeFiles/cmTryCompileExec.dir/build.make CMakeFiles/cmTryCompileExec.dir/build
make[1]: se ingresa al directorio `/home2/edulix/proyectos/kde4/kdesvn/gsoc/ontologies/build/CMakeFiles/CMakeTmp'
/usr/bin/cmake -E cmake_progress_report /home/edulix/proyectos/kde4/kdesvn/gsoc/ontologies/build/CMakeFiles/CMakeTmp/CMakeFiles 1
Building CXX object CMakeFiles/cmTryCompileExec.dir/src.cxx.o
/usr/bin/c++    -D_OFFT_IS_64BIT   -o CMakeFiles/cmTryCompileExec.dir/src.cxx.o -c /home/edulix/proyectos/kde4/kdesvn/gsoc/ontologies/build/CMakeFiles/CMakeTmp/src.cxx
/home/edulix/proyectos/kde4/kdesvn/gsoc/ontologies/build/CMakeFiles/CMakeTmp/src.cxx:9: aviso: cuenta de desplazamiento a la izquierda >= anchura del tipo
/home/edulix/proyectos/kde4/kdesvn/gsoc/ontologies/build/CMakeFiles/CMakeTmp/src.cxx:9: aviso: cuenta de desplazamiento a la izquierda >= anchura del tipo
/home/edulix/proyectos/kde4/kdesvn/gsoc/ontologies/build/CMakeFiles/CMakeTmp/src.cxx:9: aviso: cuenta de desplazamiento a la izquierda >= anchura del tipo
/home/edulix/proyectos/kde4/kdesvn/gsoc/ontologies/build/CMakeFiles/CMakeTmp/src.cxx:9: aviso: cuenta de desplazamiento a la izquierda >= anchura del tipo
/home/edulix/proyectos/kde4/kdesvn/gsoc/ontologies/build/CMakeFiles/CMakeTmp/src.cxx:9: error: el tamaño de la matriz ‘off_t_is_large’ es negativo
make[1]: se sale del directorio `/home2/edulix/proyectos/kde4/kdesvn/gsoc/ontologies/build/CMakeFiles/CMakeTmp'
make[1]: *** [CMakeFiles/cmTryCompileExec.dir/src.cxx.o] Error 1
make: *** [cmTryCompileExec/fast] Error 2

Source file was:

#include <sys/types.h>
 /* Check that off_t can represent 2**63 - 1 correctly.
    We can't simply define LARGE_OFF_T to be 9223372036854775807,
    since some C++ compilers masquerading as C compilers
    incorrectly reject 9223372036854775807.  */
#define LARGE_OFF_T (((off_t) 1 << 62) - 1 + ((off_t) 1 << 62))

  int off_t_is_large[(LARGE_OFF_T % 2147483629 == 721 && LARGE_OFF_T % 2147483647 == 1) ? 1 : -1];
  int main() { return 0; }

